<?xml version="1.0" encoding="UTF-8"?>
<!-- Generated by org.testng.reporters.JUnitReportReporter -->
<testsuite hostname="DESKTOP-NHUSI9M" failures="0" tests="3" name="convosight.My_Project.login1_test" time="43.750" errors="0" timestamp="2023-01-12T11:39:31 IST" skipped="0">
  <testcase classname="convosight.My_Project.login1_test" name="loginconvo" time="18.713"/>
  <system-out/>
  <testcase classname="convosight.My_Project.login1_test" name="logincbr" time="14.649"/>
  <system-out/>
  <testcase classname="convosight.My_Project.login1_test" name="close_browser" time="10.388"/>
  <system-out/>
</testsuite> <!-- convosight.My_Project.login1_test -->
