<?xml version="1.0" encoding="UTF-8"?>
<!-- Generated by org.testng.reporters.JUnitReportReporter -->
<testsuite hostname="DESKTOP-NHUSI9M" failures="0" tests="1" name="convosight.My_Project.CMC_login_test" time="14.733" errors="0" timestamp="2023-01-14T23:29:30 IST" skipped="0">
  <testcase classname="convosight.My_Project.CMC_login_test" name="verify_CMC_login" time="14.733"/>
  <system-out/>
</testsuite> <!-- convosight.My_Project.CMC_login_test -->
